<?xml version="1.0" encoding="UTF-8"?>
<!-- Generated by org.testng.reporters.JUnitReportReporter -->
<testsuite hostname="LAPTOP-LPUG0QLA" failures="0" tests="1" name="june23.Demo1" time="0.031" errors="0" timestamp="2021-06-26T16:36:21 IST" skipped="0">
  <testcase classname="june23.Demo1" name="fox" time="0.031"/>
  <system-out/>
</testsuite> <!-- june23.Demo1 -->
