<?xml version="1.0" encoding="UTF-8"?>
<!-- Generated by org.testng.reporters.JUnitReportReporter -->
<testsuite hostname="LAPTOP-LPUG0QLA" failures="0" tests="2" name="june25.TestCase_22" time="136.761" errors="0" timestamp="2021-06-29T11:50:29 IST" skipped="0">
  <testcase classname="june25.TestCase_22" name="f4" time="68.168"/>
  <system-out/>
  <testcase classname="june25.TestCase_22" name="f2" time="68.593"/>
  <system-out/>
</testsuite> <!-- june25.TestCase_22 -->
