<?xml version="1.0" encoding="UTF-8"?>
<!-- Generated by org.testng.reporters.JUnitReportReporter -->
<testsuite hostname="Home" failures="0" tests="1" name="june28_Log4j2.LogTest" time="0.044" errors="0" timestamp="2021-07-24T20:07:59 IST" skipped="0">
  <testcase classname="june28_Log4j2.LogTest" name="Print" time="0.044"/>
  <system-out/>
</testsuite> <!-- june28_Log4j2.LogTest -->
