<?xml version="1.0" encoding="UTF-8"?>
<!-- Generated by org.testng.reporters.JUnitReportReporter -->
<testsuite hostname="Home" failures="0" tests="4" name="june25.TestCase2" time="0.000" errors="0" timestamp="2021-07-24T19:58:42 IST" skipped="4">
  <testcase classname="june25.TestCase2" name="f4" time="0.000">
    <skipped/>
  </testcase> <!-- f4 -->
  <system-out/>
  <testcase classname="june25.TestCase2" name="f3" time="0.000">
    <skipped/>
  </testcase> <!-- f3 -->
  <system-out/>
  <testcase classname="june25.TestCase2" name="f2" time="0.000">
    <skipped/>
  </testcase> <!-- f2 -->
  <system-out/>
  <testcase classname="june25.TestCase2" name="f1" time="0.000">
    <skipped/>
  </testcase> <!-- f1 -->
  <system-out/>
</testsuite> <!-- june25.TestCase2 -->
